<?xml version="1.0" ?>
<!DOCTYPE coverage SYSTEM "http://cobertura.sourceforge.net/xml/coverage-04.dtd">
<!-- The "last green main" coverage.xml the coverage_drop finding compares HEAD against -->
<coverage line-rate="0.853" branch-rate="0" lines-covered="46" lines-valid="54" branches-covered="0" branches-valid="0" complexity="0" version="7.4.1" timestamp="1757843200000">
    <sources>
        <source>.</source>
    </sources>
    <packages>
        <package name="app" line-rate="0.853" branch-rate="0" complexity="0">
            <classes>
                <class name="main.py" filename="app/main.py" complexity="0" line-rate="1.0" branch-rate="0">
                    <methods/>
                    <lines>
                        <line number="10" hits="1"/>
                        <line number="15" hits="1"/>
                        <line number="18" hits="1"/>
                        <line number="19" hits="1"/>
                        <line number="20" hits="1"/>
                    </lines>
                </class>
                <class name="pricing.py" filename="app/pricing.py" complexity="0" line-rate="1.0" branch-rate="0">
                    <methods/>
                    <lines>
                        <line number="10" hits="1"/>
                        <line number="11" hits="1"/>
                        <line number="12" hits="1"/>
                        <line number="17" hits="1"/>
                        <line number="18" hits="1"/>
                        <line number="19" hits="1"/>
                        <line number="23" hits="1"/>
                        <line number="24" hits="1"/>
                        <line number="26" hits="1"/>
                    </lines>
                </class>
            </classes>
        </package>
    </packages>
</coverage>
